# Elapsed time   CPU (%)     Real (MB)   Virtual (MB)
       0.016        0.000       36.965     1604.891
       0.218       74.200       39.898     1662.477
       0.421       63.900       40.297     1662.477
       0.624       69.200       42.512     1671.457
       0.831       62.900       42.512     1671.457
       1.032       69.400       42.512     1671.457
       1.235       64.300       44.512     1672.461
       1.438       63.900       44.512     1672.461
       1.642       68.700       48.762     1672.461
       1.844       64.400       48.762     1672.461
       2.046       74.300       48.762     1672.461
       2.248       59.200       48.762     1672.461
       2.450       49.500       48.762     1672.461
       2.655       39.200       41.289     1656.461
       2.857       39.500       43.539     1672.461
       3.059       59.500       48.312     1672.461
       3.261       59.300       48.566     1672.461
       3.464       64.200       48.566     1672.461
       3.666       49.600       48.566     1672.461
       3.867       64.400       48.770     1672.520
       4.069       79.100       52.289     1673.316
       4.271       74.300       55.215     1673.773
       4.473       74.300       58.227     1674.898
       4.676       78.700       66.113     1675.492
       4.879       74.000       68.820     1675.719
       5.081       74.300       79.543     1676.164
       5.283       79.400       85.059     1676.707
       5.485       74.400       89.832     1677.109
       5.686       69.500       94.926     1679.379
       5.888       79.200      100.152     1680.230
       6.090       74.100      107.699     1680.672
       6.293       73.800      112.395     1680.984
       6.496       74.100      112.664     1680.988
       6.699       73.800      115.027     1680.984
       6.907       62.500      115.676     1681.133
       7.110       64.000      117.676     1681.133
       7.313       68.800      120.184     1681.133
       7.515       74.300      120.441     1681.133
       7.718       79.200      122.441     1682.137
       7.920       69.100      124.949     1682.137
       8.122       79.200      129.461     1682.137
       8.325       78.800      134.223     1682.137
       8.528       74.200      134.480     1682.137
       8.729       69.400      136.480     1682.137
       8.931       84.100      140.738     1698.137
       9.134       73.900      143.246     1698.137
       9.336       74.300      153.246     1698.137
       9.539       74.000      152.055     1682.137
       9.742       73.900      152.055     1682.137
       9.945       73.800      154.305     1682.137
      10.147       79.100      156.305     1682.137
      10.350       74.000      160.305     1682.137
      10.552       74.300      162.551     1682.137
      10.754       74.200      166.551     1682.137
      10.958       73.600      170.805     1682.137
      11.160       79.000      173.043     1682.137
      11.362       74.300      175.043     1682.137
      11.566       78.300      177.043     1682.137
      11.769       74.200      177.289     1682.137
      11.971       74.100      179.289     1682.137
      12.173       74.300      181.539     1682.137
      12.375       69.300      185.789     1683.141
      12.585       81.100      187.789     1683.395
      12.795       71.500      190.301     1683.395
      12.996       74.300      192.809     1683.395
      13.198       74.300      194.809     1683.395
      13.401       73.900      199.059     1683.395
      13.603       69.300      203.707     1683.645
      13.806       74.000      206.215     1683.645
      14.008       69.400      210.941     1683.645
      14.210       74.000      211.191     1683.645
      14.413       69.000      211.449     1683.645
      14.616       78.200      211.707     1683.645
      14.820       69.200      211.965     1683.645
      15.022       64.400      212.223     1683.645
      15.224       74.200      212.223     1683.645
      15.426       69.500      212.223     1683.645
      15.628       79.200      212.480     1683.645
      15.830       79.200      214.734     1685.168
      16.031       59.500      214.992     1685.168
      16.234       69.000      214.992     1685.168
      16.436       79.200      215.250     1685.168
      16.639       64.200      219.250     1701.168
      16.841       74.300      220.852     1687.441
      17.043       79.200      220.852     1688.711
      17.245       79.100      221.105     1688.711
      17.447       74.300      221.359     1688.711
      17.649       74.100      223.617     1688.711
      17.851       74.300      223.863     1688.711
      18.056       83.100      224.629     1688.711
      18.258       74.200      225.141     1689.711
      18.470       80.000      225.785     1689.711
      18.672       84.100      226.043     1691.488
      18.879       77.300      228.297     1691.488
      19.085       92.300      228.809     1692.492
      19.287       99.000      229.062     1692.492
      19.489       94.100      229.578     1692.492
      19.692       98.500      229.867     1692.543
      19.894       99.000      230.383     1692.797
      20.097       93.900      230.641     1693.797
      20.299       98.800      231.402     1694.305
      20.505       97.100      231.918     1695.414
      20.708       98.900      232.176     1695.414
      20.909       89.200      234.688     1695.922
      21.112       93.600      235.199     1695.922
      21.314       94.000      235.457     1696.922
      21.517       98.800      236.230     1696.922
      21.719       94.000      236.230     1697.684
      21.922       98.700      237.051     1701.801
      22.126       83.400      238.078     1702.309
      22.335       76.300      238.078     1702.562
      22.538       74.200      238.371     1703.070
      22.741       78.800      238.371     1703.070
      22.942       74.400      238.629     1703.074
      23.145       73.900      238.949     1703.070
      23.348       78.900      238.949     1703.070
      23.550       69.200      239.203     1703.070
      23.753       83.900      239.336     1705.320
      23.956       74.100      241.703     1705.320
      24.158       84.100      242.734     1705.320
      24.361       78.500      244.988     1705.320
      24.564       64.300      244.988     1705.320
      24.766       64.500      245.500     1705.320
      24.975       71.700      245.758     1705.320
      25.177       89.100      246.016     1705.574
      25.380       98.600      246.016     1705.574
      25.582       98.800      251.422     1705.574
      25.785       98.600      255.227     1705.574
      25.987       94.000      255.227     1705.574
      26.189       99.100      255.480     1705.574
      26.390       94.200      255.723     1705.574
      26.593       98.700      255.980     1706.578
      26.796       93.700      256.496     1706.578
      26.998       98.800      257.012     1706.867
      27.201       98.600      257.012     1706.867
      27.404       98.700      257.297     1706.867
      27.606       93.900      257.297     1706.867
      27.808       99.200      257.297     1706.867
      27.975       93.900      257.555     1706.867
      28.178       98.700      258.070     1706.867
      28.380       94.000      258.715     1711.715
      28.582       98.900      259.094     1711.715
      28.784       99.000      259.605     1711.715
      28.987       98.500      263.859     1711.715
      29.190       93.400      264.363     1711.715
      29.393       98.900      264.879     1711.715
      29.595       98.800      265.137     1711.715
      29.798       98.700      267.652     1712.719
      30.000       99.100      268.168     1712.719
      30.202       99.000      268.168     1712.719
      30.404       98.700      271.184     1728.719
      30.606       94.100      268.523     1712.719
      30.808       99.000      270.070     1712.719
      31.010       99.000      259.410     1712.719
      31.219       95.700      262.441     1712.719
      31.421       99.100      263.465     1712.719
      31.624       98.800      267.973     1712.719
      31.827       98.400      270.730     1712.719
      32.030       98.200      271.750     1712.719
      32.233       98.600      272.520     1712.719
      32.440       91.900      277.020     1712.719
      32.648      101.000      277.277     1712.719
      32.850       99.000      279.277     1712.719
      33.052       94.000      279.535     1712.973
      33.254       98.800      280.051     1712.973
      33.457       83.900      280.566     1713.977
      33.660       78.800      280.566     1713.977
      33.862       74.200      280.816     1713.977
      34.066       73.700      280.816     1713.977
      34.268       79.300      281.332     1713.977
      34.471       78.500      281.332     1713.977
      34.674       74.000      281.590     1713.977
      34.878       83.100      281.590     1713.977
      35.082       39.300      281.590     1713.977
      35.301       22.500      281.590     1713.977
      35.558       71.000      281.590     1714.980
      35.767       76.600      281.590     1714.980
      35.969       79.100      281.848     1716.758
      36.172       79.100      281.848     1716.758
      36.374       68.500      281.848     1717.520
      36.579       69.100      282.105     1717.520
      36.780       79.300      282.109     1717.520
      36.983       64.200      282.109     1717.520
      37.187       78.600      282.367     1717.520
      37.389       73.900      282.367     1717.520
      37.603       74.800      282.625     1717.520
      37.805       79.300      282.883     1718.523
      38.007       79.200      282.883     1718.523
      38.212       73.300      282.883     1718.523
      38.415       78.600      282.883     1718.523
      38.617       79.300      282.883     1718.523
      38.819       69.300      282.883     1718.523
      39.021       84.300      283.141     1718.523
      39.224       83.700      283.141     1718.523
      39.425       79.300      283.141     1718.523
      39.629       73.500      283.141     1718.523
      39.832       79.200      283.141     1718.523
      40.034       74.000      283.762     1718.523
      40.238       83.600      284.020     1718.523
      40.440       93.800      284.301     1718.547
      40.642       89.100      284.836     1718.547
      40.845       74.000      284.836     1718.547
      41.048       98.100      284.836     1718.547
      41.250       99.100      284.836     1718.547
      41.453        0.000      284.836     1718.547
      41.657        4.900      275.410     1702.547
      41.860       29.500      278.434     1718.547
      42.065        0.000      275.410     1702.547
      42.267        0.000      275.410     1702.547
      42.471        4.900      275.410     1702.547
      42.673        0.000      275.410     1702.547
      42.875       24.700      280.434     1718.547
      43.078        0.000      275.418     1702.547
      43.282        4.900      275.418     1702.547
      43.485        0.000      275.418     1702.547
      43.689        0.000      275.418     1702.547
