# Elapsed time   CPU (%)     Real (MB)   Virtual (MB)
       0.009        0.000       19.699     2251.180
       0.211       51.850       27.211     2665.289
       0.414       76.250       43.141     2666.883
       0.618       78.750       56.004     2671.902
       0.819       64.450       59.902     2685.902
       1.021       44.600       65.227     2693.902
       1.223       64.350       75.309     2705.902
       1.427       41.650       76.082     2705.902
       1.630       59.200       81.754     2711.902
       1.833       66.650       89.230     2719.902
       2.035       74.100       97.734     2729.902
       2.237       54.500      101.859     2735.902
       2.439       61.750      110.551     2745.902
       2.642       76.700      130.359     2761.293
       2.844       81.700      167.082     2787.637
       3.045       76.800      192.871     2811.551
       3.247       64.400      212.723     2827.441
       3.449       71.750      227.727     2836.609
       3.651       79.150      247.902     2851.133
       3.855       73.850      264.238     2864.562
       4.058       71.200      271.766     2875.711
       4.262       73.450      277.457     2878.711
       4.465       76.500      285.961     2886.711
       4.668       78.800      296.363     2895.711
       4.871       71.500      303.496     2905.711
       5.074       71.550      313.754     2913.711
       5.277       83.450      323.801     2914.305
       5.479       79.200      331.895     2914.305
       5.681       81.800      339.492     2914.305
       5.884       76.400      343.684     2914.305
       6.086       84.200      346.148     2916.305
       6.288       61.850      349.012     2916.305
       6.508       75.000      353.246     2916.305
       6.710       74.100      357.070     2916.305
       6.913       64.050      362.395     2916.305
       7.117       71.250      365.664     2916.305
       7.319       79.200      372.680     2916.305
       7.558       53.300      383.562     2916.305
       7.810       77.100      383.953     2916.305
       8.016       73.000      387.117     2916.305
       8.226       81.450      388.523     2916.305
       8.431       56.150      390.199     2916.305
       8.635       83.450      394.062     2918.305
       8.837       84.050      400.117     2918.305
       9.040       73.800      408.055     2918.305
       9.244       71.200      412.988     2920.305
       9.447       58.300      414.262     2920.305
       9.652       66.700      415.242     2920.305
       9.855       76.550      417.602     2987.309
      10.057       71.750      419.430     2987.309
      10.259       64.250      421.410     2987.309
      10.462       66.550      422.945     2987.309
      10.664       61.850      424.352     2989.309
      10.866       76.500      427.172     2989.316
      11.070       81.300      428.613     2989.316
      11.274       73.450      431.457     2989.316
      11.478       51.550      432.027     2989.316
      11.679       57.000      432.711     2991.316
      11.888       83.250      434.957     2991.316
      12.100       70.950      435.473     2991.316
      12.305       75.300      435.637     2991.316
      12.539       81.400      435.715     2991.316
      12.742       61.550      436.109     2991.316
      12.962       65.950      436.586     2991.316
      13.172       76.050      437.195     3189.340
      13.381       71.350      438.031     3189.340
      13.589       46.150      438.633     3189.340
      13.792       51.550      438.887     3191.340
      14.018       75.150      439.391     3191.340
      14.221       64.200      457.695     3191.340
      14.439       75.700      462.488     3191.340
      14.642       68.950      462.938     3192.344
      14.844       61.750      463.090     3196.355
      15.049       68.400      464.789     3196.355
      15.251       66.700      465.402     3196.355
      13.924       66.850      466.184     3196.355
      14.126       74.200      468.359     3196.355
      14.329       74.050      469.449     3198.355
      14.531       69.250      469.820     3198.355
      14.738       72.550      471.102     3198.355
      14.939       79.400      474.855     3198.355
      15.149       81.050      477.477     3204.371
      15.351       79.150      478.289     3204.371
      15.554       88.700      479.238     3204.371
      15.756       91.600      480.035     3204.422
      15.960       88.450      480.965     3204.422
      16.162       88.900      482.164     3207.426
      16.368       99.750      483.500     3207.426
      16.570       88.450      484.277     3208.430
      16.786       79.000      484.984     3208.430
      16.991       85.550      487.305     3210.469
      17.193       89.050      490.902     3217.484
      17.398       87.700      492.324     3217.613
      17.609       97.350      493.469     3217.613
      17.821       80.050      494.512     3218.020
      18.026       82.950      495.266     3223.031
      18.228       96.250      497.000     3227.148
      18.433       88.000      498.551     3227.148
      18.636       76.150      504.629     3230.160
      18.839       83.850      505.812     3234.574
      19.044       78.100      507.672     3234.574
      19.248       78.550      513.766     3234.574
      19.450       71.450      517.195     3234.578
      19.653       81.650      518.203     3234.574
      19.855       71.600      518.953     3234.574
      20.060       73.400      520.078     3238.953
      20.262       79.250      520.629     3240.953
      20.464       76.700      521.004     3240.141
      20.666       79.050      521.488     3240.141
      20.874       67.300      522.445     3240.141
      21.077       69.150      523.102     3243.152
      21.279       93.950      523.543     3243.152
      21.482       88.800      524.238     3243.559
      21.685       91.000      525.082     3245.559
      21.887       69.150      525.598     3245.559
      22.090       76.500      525.973     3245.559
      22.293       93.200      526.227     3245.559
      22.501       94.100      526.480     3245.559
      22.704       96.200      527.289     3245.559
      22.907       98.300      527.914     3245.559
      23.110       84.100      528.637     3245.559
      23.313       73.550      529.184     3247.152
      23.517       66.250      530.199     3252.008
      23.719       91.650      530.871     3252.145
      23.921       66.750      531.941     3252.145
      24.124       66.700      532.441     3255.148
      24.326       74.100      533.121     3255.148
      24.528       71.900      533.934     3255.148
      24.730       89.250      536.891     3255.148
      24.932       69.200      537.863     3255.223
      25.134       84.000      538.969     3255.223
      25.336       91.450      540.055     3257.359
      25.540       78.650      540.984     3257.359
      25.743       96.150      541.633     3257.359
      25.946       86.150      543.332     3257.766
      26.148       64.350      544.941     3259.766
      26.350       59.500      546.359     3259.766
      26.552       54.300      547.266     3261.766
      26.755       61.600      548.078     3261.766
      26.959       88.550      549.445     3262.086
      27.161       86.500      555.805     3262.086
      27.363       54.400      561.527     3262.086
      27.565       61.800      562.293     3262.086
      27.768       76.450      563.301     3262.086
      27.970       96.500      563.773     3262.086
      28.173       71.500      564.422     3263.090
      28.376       86.200      565.004     3263.227
      28.579       93.750      565.285     3263.496
      28.782       86.150      565.684     3263.496
      28.985       95.900      565.930     3263.496
      29.188       95.950      566.527     3267.504
      29.390       79.200      567.043     3270.516
      29.594       78.350      567.059     3270.516
      29.799       78.400      566.988     3270.109
      30.009       85.500      567.395     3270.109
      30.214       65.300      567.547     3270.109
      30.564       80.650      567.754     3270.109
      30.768       85.900      567.883     3270.109
      30.972       78.450      568.035     3270.109
      31.174       77.500      568.105     3270.109
      31.385       82.200      568.480     3270.109
      31.588       93.550      568.480     3270.109
      31.819       93.150      568.840     3274.145
      32.022       93.800      569.047     3274.145
      32.224       88.950      569.281     3274.145
      32.428       83.500      569.840     3274.551
      32.633        9.750      569.840     3274.551
      32.835        0.000      569.840     3274.551
      33.038        2.450      569.840     3274.551
      33.240        0.000      569.840     3274.551
      33.443        0.000      569.840     3274.551
      33.646        0.000      569.840     3274.551
      33.853        0.000      569.840     3274.551
      34.056        0.000      569.840     3274.551
      34.262        2.450      569.840     3274.551
      34.465        7.400      569.840     3274.551
      34.668        0.000      569.840     3274.551
      34.872        0.000      569.840     3274.551
      35.075        0.000      569.840     3274.551
      35.282        0.000      569.840     3274.551
      35.485        4.900      569.949     3274.551
      35.692        9.700      569.949     3274.551
      35.895        0.000      569.949     3274.551
      36.098        0.000      569.949     3274.551
      36.302       12.250      569.949     3274.551
      36.505        0.000      569.949     3274.551
