# Elapsed time   CPU (%)     Real (MB)   Virtual (MB)
       0.006        0.000       21.195      128.664
       0.207       16.150       30.699      159.734
       0.408        0.000       30.699      159.734
       0.610        0.000       30.699      159.734
       0.811        0.000       30.699      159.734
       1.013        0.000       31.141      234.082
       1.215        0.000       31.141      234.082
       1.417        0.000       31.141      234.082
       1.620        0.000       31.141      234.082
       1.822        0.000       31.141      234.082
       2.023        2.475       31.168      522.098
       2.225       32.250       31.922      594.102
       2.426       33.525       32.047      586.348
       2.627       31.100       32.117      594.352
       2.828       32.325       32.105      658.352
       3.029       31.100       32.184      658.352
       3.230       31.100       32.172      650.348
       3.431       32.325       32.332      722.352
       3.632       32.325       32.375      722.352
       3.833       31.100       32.371      722.352
       4.034       32.350       32.328      714.348
       4.235       32.300       32.352      730.355
       4.436       32.350       32.348      722.352
       4.638       29.825       32.359      722.352
       4.839       32.300       32.355      722.352
       5.040       32.250       32.359      722.352
       5.241       31.075       32.625      730.355
       5.443       31.050       32.562      714.348
       5.644       32.275       32.582      722.352
       5.845       31.050       32.566      714.348
       6.047       32.175       32.582      722.352
       6.248       33.575       32.586      722.352
       6.450       29.825       32.590      722.352
       6.651       30.975       32.582      722.352
       6.853       32.275       32.605      722.352
       7.054       32.250       32.645      730.355
       7.260       29.200       32.594      722.352
       7.461       31.100       32.605      722.352
       7.662       32.325       32.605      722.352
       7.864       31.025       32.605      722.352
       8.065       32.250       32.590      722.352
       8.266       31.075       32.609      722.352
       8.467       32.325       32.629      730.355
       8.669       32.175       32.629      722.352
       8.870       31.100       32.633      730.355
       9.071       33.575       32.594      722.352
       9.273       31.025       32.578      722.352
       9.474       31.075       32.828      722.352
       9.675       29.825       32.832      722.352
       9.876       33.575       32.824      722.352
      10.077       32.325       32.824      722.602
      10.278       32.350       32.828      722.602
      10.479       31.100       32.816      722.602
      10.681       33.550       32.805      722.602
      10.882       32.300       32.809      722.602
      11.083       29.775       32.812      722.602
      11.284       32.350       32.820      730.605
      11.487       29.650       32.746      706.594
      11.688       32.275       32.766      722.602
      11.889       32.325       32.746      722.602
      12.090       31.100       32.727      722.602
      12.291       29.825       32.707      722.602
      12.492       33.575       32.949      722.602
      12.693       31.100       32.926      722.602
      12.895        6.175       32.883      706.594
      13.098        0.000       32.883      706.594
      13.300        0.000       32.883      706.594
      13.501        0.000       32.883      706.594
      13.704        0.000       32.883      706.594
