# Elapsed time   CPU (%)     Real (MB)   Virtual (MB)
       0.002        0.000       20.164      424.770
       0.203        0.000       20.164      424.770
       0.404        0.000       20.164      424.770
       0.605        0.000       20.164      424.770
       0.806        0.000       20.164      424.770
       1.007        0.000       20.164      424.770
       1.208        0.000       20.164      424.770
       1.409        0.000       20.164      424.770
       1.610        0.000       20.164      424.770
       1.811        0.000       20.164      424.770
       2.012        0.000       20.164      424.770
       2.214        0.000       20.164      424.770
       2.414        0.000       20.164      424.770
       2.615        0.000       20.164      424.770
       2.816        0.000       20.164      424.770
       3.016        0.000       20.164      424.770
       3.217        0.000       20.164      424.770
       3.418        0.000       20.164      424.770
       3.619        0.000       20.164      424.770
       3.820        0.000       20.164      424.770
       4.021        0.000       20.164      424.770
       4.222        0.000       20.164      424.770
       4.423        0.000       20.164      424.770
       4.624        0.000       20.164      424.770
       4.825        0.000       20.164      424.770
       5.026        0.000       20.164      424.770
       5.227        0.000       20.164      424.770
       5.428        0.000       20.164      424.770
       5.629        0.000       20.164      424.770
       5.830        0.000       20.164      424.770
       6.031        0.000       20.164      424.770
       6.232        0.000       20.164      424.770
       6.433        0.000       20.164      424.770
       6.635        0.000       20.164      424.770
       6.836        0.000       20.164      424.770
       7.036        0.000       20.164      424.770
       7.238        0.000       20.164      424.770
       7.439        0.000       20.164      424.770
       7.640        0.000       20.164      424.770
       7.841        0.000       20.164      424.770
       8.042        0.000       20.164      424.770
       8.243        0.000       20.164      424.770
       8.444        0.000       20.164      424.770
       8.646        0.000       20.164      424.770
       8.847        0.000       20.164      424.770
       9.048        0.000       20.164      424.770
       9.249        0.000       20.164      424.770
       9.450        0.000       20.164      424.770
       9.652        0.000       20.164      424.770
       9.853        0.000       20.164      424.770
      10.054        0.000       20.164      424.770
      10.255        0.000       20.164      424.770
      10.456        0.000       20.164      424.770
      10.656        0.000       20.164      424.770
      10.857        0.000       20.164      424.770
      11.058        0.000       20.164      424.770
      11.259        0.000       20.164      424.770
      11.461        0.000       20.164      424.770
      11.661        0.000       20.164      424.770
